<?xml version="1.0" encoding="UTF-8"?>
<!-- Generated by org.testng.reporters.JUnitReportReporter -->
<testsuite hostname="DESKTOP-I5ODNG7" failures="0" tests="2" name="TestNg.Annotationsexer" time="29.526" errors="0" timestamp="2020-01-05T21:48:02 CST" skipped="0">
  <testcase classname="TestNg.Annotationsexer" name="facebook" time="15.577"/>
  <testcase classname="TestNg.Annotationsexer" name="google" time="13.949"/>
</testsuite> <!-- TestNg.Annotationsexer -->
