<?xml version="1.0" encoding="UTF-8"?>
<!-- Generated by org.testng.reporters.JUnitReportReporter -->
<testsuite hostname="DESKTOP-I5ODNG7" failures="0" tests="3" name="TestNg.TestSuiteXMLFile" time="0.009" errors="0" timestamp="2020-01-06T20:14:35 CST" skipped="0">
  <testcase classname="TestNg.TestSuiteXMLFile" name="password" time="0.001"/>
  <testcase classname="TestNg.TestSuiteXMLFile" name="click" time="0.007"/>
  <testcase classname="TestNg.TestSuiteXMLFile" name="login" time="0.001"/>
</testsuite> <!-- TestNg.TestSuiteXMLFile -->
