<?xml version="1.0" encoding="UTF-8"?>
<!-- Generated by org.testng.reporters.JUnitReportReporter -->
<testsuite hostname="DESKTOP-I5ODNG7" failures="0" tests="1" name="TestNg.Parameter" time="2.689" errors="0" timestamp="2020-01-07T12:42:45 CST" skipped="0">
  <testcase classname="TestNg.Parameter" name="launch" time="2.689"/>
</testsuite> <!-- TestNg.Parameter -->
