<?xml version="1.0" encoding="UTF-8"?>
<!-- Generated by org.testng.reporters.JUnitReportReporter -->
<testsuite hostname="DESKTOP-I5ODNG7" failures="0" tests="2" name="TestNg.TestNgExer" time="0.008" errors="0" timestamp="2020-01-05T19:34:14 CST" skipped="0">
  <testcase classname="TestNg.TestNgExer" name="display" time="0.004"/>
  <testcase classname="TestNg.TestNgExer" name="action" time="0.004"/>
</testsuite> <!-- TestNg.TestNgExer -->
