<?xml version="1.0" encoding="UTF-8"?>
<!-- Generated by org.testng.reporters.JUnitReportReporter -->
<testsuite hostname="DESKTOP-I5ODNG7" failures="0" tests="3" name="TestNg.TestSuite1" time="0.002" errors="0" timestamp="2020-01-06T20:14:35 CST" skipped="0">
  <testcase classname="TestNg.TestSuite1" name="mul" time="0.001"/>
  <testcase classname="TestNg.TestSuite1" name="sub" time="0.001"/>
  <testcase classname="TestNg.TestSuite1" name="sum" time="0.000"/>
</testsuite> <!-- TestNg.TestSuite1 -->
