<?xml version="1.0" encoding="UTF-8"?>
<!-- Generated by org.testng.reporters.JUnitReportReporter -->
<testsuite hostname="DESKTOP-I5ODNG7" failures="0" tests="1" name="YoutubExer.DragAndDrop" time="15.876" errors="0" timestamp="2020-01-11T17:34:21 CST" skipped="0">
  <testcase classname="YoutubExer.DragAndDrop" name="dragAnddropEMI" time="15.876"/>
</testsuite> <!-- YoutubExer.DragAndDrop -->
