<?xml version="1.0" encoding="UTF-8"?>
<!-- Generated by org.testng.reporters.JUnitReportReporter -->
<testsuite hostname="DESKTOP-I5ODNG7" failures="0" tests="4" name="TestNg.Groups" time="0.022" errors="0" timestamp="2020-01-08T13:31:54 CST" skipped="0">
  <testcase classname="TestNg.Groups" name="display" time="0.002"/>
  <testcase classname="TestNg.Groups" name="textMsg" time="0.001"/>
  <testcase classname="TestNg.Groups" name="call" time="0.018"/>
  <testcase classname="TestNg.Groups" name="visible" time="0.001"/>
</testsuite> <!-- TestNg.Groups -->
